TN:
SF:src/api/fetchUsers.ts
FN:1,fetchUsers
FNF:1
FNH:1
FNDA:2,fetchUsers
DA:1,2
DA:3,2
DA:4,2
DA:5,2
LF:4
LH:4
BRDA:1,0,0,2
BRF:1
BRH:1
end_of_record
TN:
SF:src/components/UserList.tsx
FN:3,UserList
FNF:1
FNH:1
FNDA:5,UserList
DA:1,1
DA:3,1
DA:4,5
DA:6,5
DA:7,5
DA:8,1
DA:9,1
DA:11,1
DA:12,1
DA:13,1
DA:14,2
DA:15,1
DA:16,1
DA:18,1
LF:14
LH:14
BRDA:3,0,0,5
BRDA:6,1,0,3
BRDA:6,2,0,2
BRDA:7,3,0,1
BRDA:13,4,0,2
BRF:5
BRH:5
end_of_record
TN:
SF:src/hooks/useUserData.ts
FN:4,useUserData
FNF:1
FNH:1
FNDA:5,useUserData
DA:1,1
DA:2,1
DA:4,1
DA:5,5
DA:6,5
DA:7,5
DA:8,5
DA:10,5
DA:11,3
DA:12,3
DA:13,3
DA:14,3
DA:15,5
DA:17,5
DA:18,5
LF:15
LH:15
BRDA:4,0,0,5
BRDA:10,1,0,3
BRDA:11,2,0,3
BRF:3
BRH:3
end_of_record
